<?xml version="1.0" encoding="UTF-8"?>
<!-- Generated by org.testng.reporters.JUnitXMLReporter -->
<testsuite ignored="0" hostname="CSE1805568" failures="0" tests="14" name="Test" time="234.223" errors="0" timestamp="2022-05-23T01:23:42 IST">
  <testcase classname="com.runner.Runner" name="Scenario" time="8.89"/>
  <testcase classname="com.runner.Runner" name="Scenario" time="23.205"/>
  <testcase classname="com.runner.Runner" name="Scenario" time="22.479"/>
  <testcase classname="com.runner.Runner" name="Scenario" time="22.446"/>
  <testcase classname="com.runner.Runner" name="Scenario" time="22.52"/>
  <testcase classname="com.runner.Runner" name="Scenario" time="7.135"/>
  <testcase classname="com.runner.Runner" name="Scenario" time="20.945"/>
  <testcase classname="com.runner.Runner" name="Scenario" time="7.103"/>
  <testcase classname="com.runner.Runner" name="Scenario" time="7.58"/>
  <testcase classname="com.runner.Runner" name="Scenario" time="7.615"/>
  <testcase classname="com.runner.Runner" name="Scenario" time="7.445"/>
  <testcase classname="com.runner.Runner" name="Scenario" time="21.007"/>
  <testcase classname="com.runner.Runner" name="Scenario" time="25.852"/>
  <testcase classname="com.runner.Runner" name="Scenario" time="28.947"/>
</testsuite> <!-- Test -->
