<?xml version="1.0" encoding="UTF-8"?>
<testng-results ignored="0" total="2" passed="2" failed="0" skipped="0">
  <reporter-output>
  </reporter-output>
  <suite started-at="2022-05-23T01:41:04 IST" name="Default suite" finished-at="2022-05-23T01:41:36 IST" duration-ms="31493">
    <groups>
      <group name="cucumber">
        <method signature="Runner.Scenario(io.cucumber.testng.PickleWrapper,io.cucumber.testng.FeatureWrapper)[pri:0, instance:com.runner.Runner@20140db9]" name="Scenario" class="com.runner.Runner"/>
      </group> <!-- cucumber -->
    </groups>
    <test started-at="2022-05-23T01:41:04 IST" name="Default test" finished-at="2022-05-23T01:41:36 IST" duration-ms="31493">
      <class name="com.runner.Runner">
        <test-method is-config="true" signature="setUpCucumber()[pri:0, instance:com.runner.Runner@20140db9]" started-at="2022-05-23T01:41:04 IST" name="setUpCucumber" finished-at="2022-05-23T01:41:05 IST" duration-ms="772" status="PASS">
          <reporter-output>
          </reporter-output>
        </test-method> <!-- setUpCucumber -->
        <test-method is-config="true" signature="setUpClass()[pri:0, instance:com.runner.Runner@20140db9]" started-at="2022-05-23T01:41:05 IST" name="setUpClass" finished-at="2022-05-23T01:41:05 IST" duration-ms="0" status="PASS">
          <reporter-output>
          </reporter-output>
        </test-method> <!-- setUpClass -->
        <test-method signature="Scenario(io.cucumber.testng.PickleWrapper,io.cucumber.testng.FeatureWrapper)[pri:0, instance:com.runner.Runner@20140db9]" started-at="2022-05-23T01:41:05 IST" name="Scenario" description="Runs Cucumber Feature" data-provider="Scenarios" finished-at="2022-05-23T01:41:14 IST" duration-ms="8614" status="PASS">
          <params>
            <param index="0">
              <value>
                <![CDATA["To validate that redirection occurs to the Sign In page if the customer is not registered"]]>
              </value>
            </param>
            <param index="1">
              <value>
                <![CDATA["Optional[Verification of My Classes Functionality]"]]>
              </value>
            </param>
          </params>
          <reporter-output>
          </reporter-output>
        </test-method> <!-- Scenario -->
        <test-method signature="Scenario(io.cucumber.testng.PickleWrapper,io.cucumber.testng.FeatureWrapper)[pri:0, instance:com.runner.Runner@20140db9]" started-at="2022-05-23T01:41:14 IST" name="Scenario" description="Runs Cucumber Feature" data-provider="Scenarios" finished-at="2022-05-23T01:41:35 IST" duration-ms="21869" status="PASS">
          <params>
            <param index="0">
              <value>
                <![CDATA["To validate that the joined courses is displayed if the customer is a member of the Universal Class"]]>
              </value>
            </param>
            <param index="1">
              <value>
                <![CDATA["Optional[Verification of My Classes Functionality]"]]>
              </value>
            </param>
          </params>
          <reporter-output>
          </reporter-output>
        </test-method> <!-- Scenario -->
        <test-method is-config="true" signature="setUpClass()[pri:0, instance:com.runner.Runner@20140db9]" started-at="2022-05-23T01:41:14 IST" name="setUpClass" finished-at="2022-05-23T01:41:14 IST" duration-ms="0" status="PASS">
          <reporter-output>
          </reporter-output>
        </test-method> <!-- setUpClass -->
        <test-method is-config="true" signature="tearDownClass()[pri:0, instance:com.runner.Runner@20140db9]" started-at="2022-05-23T01:41:35 IST" name="tearDownClass" finished-at="2022-05-23T01:41:36 IST" duration-ms="191" status="PASS">
          <reporter-output>
          </reporter-output>
        </test-method> <!-- tearDownClass -->
      </class> <!-- com.runner.Runner -->
    </test> <!-- Default test -->
  </suite> <!-- Default suite -->
</testng-results>
